  ADDR  |  HEX  |      BINARY      |  LN  |  ASSEMBLY
        |       |                  |    1 | .ORIG	x3000
 x3000  | x481F | 0100100000011111 |    2 |     JSR DISPLAYBOARD
        |       |                  |    3 | PROMPT
 x3001  | x2CA9 | 0010110010101001 |    4 |     LD  R6, ROUND
 x3002  | x1DA1 | 0001110110100001 |    5 |     ADD R6, R6, #1;player1
 x3003  | x3CA7 | 0011110010100111 |    6 |     ST  R6, ROUND
        |       |                  |    7 | NOADDROUND
 x3004  | x5020 | 0101000000100000 |    8 |     AND R0, R0, #0
 x3005  | x5260 | 0101001001100000 |    9 |     AND R1, R1, #0
 x3006  | x54A0 | 0101010010100000 |   10 |     AND R2, R2, #0
 x3007  | x56E0 | 0101011011100000 |   11 |     AND R3, R3, #0
 x3008  | x5920 | 0101100100100000 |   12 |     AND R4, R4, #0
 x3009  | x5B60 | 0101101101100000 |   13 |     AND R5, R5, #0
 x300A  | x5DA0 | 0101110110100000 |   14 |     AND R6, R6, #0
 x300B  | x5FE0 | 0101111111100000 |   15 |     AND R7, R7, #0
 x300C  | x36A9 | 0011011010101001 |   16 |     ST  R3, GETSCORE
 x300D  | x4826 | 0100100000100110 |   17 |     JSR DISPLAYPROMPT
 x300E  | x483A | 0100100000111010 |   18 |     JSR GETROW
 x300F  | x22B0 | 0010001010110000 |   19 |     LD R1, ROW
 x3010  | x484D | 0100100001001101 |   20 |     JSR JUDGEQUIT
 x3011  | x4845 | 0100100001000101 |   21 |     JSR GETLINE
 x3012  | x24AE | 0010010010101110 |   22 |     LD R2, LINE
 x3013  | x4856 | 0100100001010110 |   23 |     JSR IS_INPUT_VALID;include IS_OCCUPIE judgement
 x3014  | x16E0 | 0001011011100000 |   24 |     ADD	R3, R3, #0
 x3015  | x0BEE | 0000101111101110 |   25 |     BRnp NOADDROUND
        |       |                  |   26 |     ;JSR TRANSLATE_MOVE
 x3016  | x48B9 | 0100100010111001 |   27 |     JSR APPLY_MOVE
 x3017  | x48D3 | 0100100011010011 |   28 |     JSR UPDATE_STATE
 x3018  | x4807 | 0100100000000111 |   29 |     JSR DISPLAYBOARD
 x3019  | x493E | 0100100100111110 |   30 |     JSR CHECK_OVER
 x301A  | x16E0 | 0001011011100000 |   31 |     ADD R3, R3, #0
 x301B  | x0403 | 0000010000000011 |   32 |     BRz QUIT
 x301C  | x2699 | 0010011010011001 |   33 |     LD R3, GETSCORE
 x301D  | x03E6 | 0000001111100110 |   34 |     BRp NOADDROUND
 x301E  | x0FE2 | 0000111111100010 |   35 |     BRnzp PROMPT
        |       |                  |   36 | 
        |       |                  |   37 | QUIT
 x301F  | xF025 | 1111000000100101 |   38 |     HALT
        |       |                  |   39 | 
        |       |                  |   40 | 
        |       |                  |   41 | DISPLAYBOARD
 x3020  | x3E9D | 0011111010011101 |   42 |     ST R7, SAVE_R7
 x3021  | xE0AB | 1110000010101011 |   43 |     LEA R0,  BOARDADDR
 x3022  | x6000 | 0110000000000000 |   44 |     LDR R0, R0, #0
 x3023  | xF022 | 1111000000100010 |   45 |     PUTS
 x3024  | x102B | 0001000000101011 |   46 |     ADD R0, R0, #11
 x3025  | xF022 | 1111000000100010 |   47 |     PUTS
 x3026  | x102B | 0001000000101011 |   48 |     ADD R0, R0, #11
 x3027  | xF022 | 1111000000100010 |   49 |     PUTS
 x3028  | x102B | 0001000000101011 |   50 |     ADD R0, R0, #11
 x3029  | xF022 | 1111000000100010 |   51 |     PUTS
 x302A  | x102B | 0001000000101011 |   52 |     ADD R0, R0, #11
 x302B  | xF022 | 1111000000100010 |   53 |     PUTS
 x302C  | x102B | 0001000000101011 |   54 |     ADD R0, R0, #11
 x302D  | xF022 | 1111000000100010 |   55 |     PUTS
 x302E  | x102B | 0001000000101011 |   56 |     ADD R0, R0, #11
 x302F  | xF022 | 1111000000100010 |   57 |     PUTS
 x3030  | x102B | 0001000000101011 |   58 |     ADD R0, R0, #11
 x3031  | xF022 | 1111000000100010 |   59 |     PUTS
 x3032  | x2E8B | 0010111010001011 |   60 |     LD R7, SAVE_R7
 x3033  | xC1C0 | 1100000111000000 |   61 |     RET
        |       |                  |   62 |     
        |       |                  |   63 | DISPLAYPROMPT
 x3034  | x3C88 | 0011110010001000 |   64 |     ST R6, SAVE_R6 
 x3035  | x3081 | 0011000010000001 |   65 |     ST R0, SAVE_R0
 x3036  | x3E87 | 0011111010000111 |   66 |     ST R7, SAVE_R7
 x3037  | xE071 | 1110000001110001 |   67 |     LEA R0, PROMPT1ADDR
 x3038  | x6000 | 0110000000000000 |   68 |     LDR R0, R0, #0
 x3039  | xF022 | 1111000000100010 |   69 |     PUTS
 x303A  | x2C70 | 0010110001110000 |   70 |     LD  R6, ROUND
 x303B  | x5DA1 | 0101110110100001 |   71 |     AND R6, R6, #1;if player2
 x303C  | x0403 | 0000010000000011 |   72 |     BRz DISPLAYPLAYER2
        |       |                  |   73 | DISPLAYPLAYER1
 x303D  | xE06E | 1110000001101110 |   74 |     LEA R0, PLAYER1
 x303E  | xF022 | 1111000000100010 |   75 |     PUTS
 x303F  | x0E02 | 0000111000000010 |   76 |     BRnzp DISPLAYPROMPT2
        |       |                  |   77 | DISPLAYPLAYER2
 x3040  | xE06D | 1110000001101101 |   78 |     LEA	R0,	PLAYER2
 x3041  | xF022 | 1111000000100010 |   79 |     PUTS
        |       |                  |   80 | DISPLAYPROMPT2
 x3042  | xE067 | 1110000001100111 |   81 |     LEA R0, PROMPT2ADDR
 x3043  | x6000 | 0110000000000000 |   82 |     LDR R0, R0, #0
 x3044  | xF022 | 1111000000100010 |   83 |     PUTS
 x3045  | x2C77 | 0010110001110111 |   84 |     LD R6, SAVE_R6
 x3046  | x2070 | 0010000001110000 |   85 |     LD R0, SAVE_R0
 x3047  | x2E76 | 0010111001110110 |   86 |     LD R7, SAVE_R7
 x3048  | xC1C0 | 1100000111000000 |   87 |     RET
        |       |                  |   88 | 
        |       |                  |   89 | GETROW
 x3049  | x3E74 | 0011111001110100 |   90 |     ST R7, SAVE_R7
 x304A  | x306C | 0011000001101100 |   91 |     ST R0, SAVE_R0
 x304B  | x326C | 0011001001101100 |   92 |     ST R1, SAVE_R1
 x304C  | xF023 | 1111000000100011 |   93 |     IN
 x304D  | x2274 | 0010001001110100 |   94 |     LD R1, Q_ASCII
 x304E  | x927F | 1001001001111111 |   95 |     NOT R1, R1
 x304F  | x1261 | 0001001001100001 |   96 |     ADD R1, R1, #1
 x3050  | x1201 | 0001001000000001 |   97 |     ADD R1, R0, R1
 x3051  | x05CD | 0000010111001101 |   98 |     BRz QUIT
 x3052  | x306D | 0011000001101101 |   99 |     ST R0, ROW
 x3053  | x2264 | 0010001001100100 |  100 |     LD R1, SAVE_R1
 x3054  | x2062 | 0010000001100010 |  101 |     LD R0, SAVE_R0
 x3055  | x2E68 | 0010111001101000 |  102 |     LD R7, SAVE_R7
 x3056  | xC1C0 | 1100000111000000 |  103 |     RET
        |       |                  |  104 | 
        |       |                  |  105 | GETLINE
 x3057  | x3E66 | 0011111001100110 |  106 |     ST R7, SAVE_R7
 x3058  | x305E | 0011000001011110 |  107 |     ST R0, SAVE_R0
 x3059  | xF023 | 1111000000100011 |  108 |     IN
 x305A  | x3066 | 0011000001100110 |  109 |     ST R0, LINE
 x305B  | x205B | 0010000001011011 |  110 |     LD R0, SAVE_R0
 x305C  | x2E61 | 0010111001100001 |  111 |     LD R7, SAVE_R7
 x305D  | xC1C0 | 1100000111000000 |  112 |     RET
        |       |                  |  113 | 
        |       |                  |  114 | JUDGEQUIT
 x305E  | x3E5F | 0011111001011111 |  115 |     ST  R7, SAVE_R7
 x305F  | x385B | 0011100001011011 |  116 |     ST  R4, SAVE_R4
 x3060  | x3A5B | 0011101001011011 |  117 |     ST  R5, SAVE_R5
 x3061  | x2860 | 0010100001100000 |  118 |     LD  R4, Q_ASCII
 x3062  | x993F | 1001100100111111 |  119 |     NOT R4, R4
 x3063  | x1921 | 0001100100100001 |  120 |     ADD R4, R4, #1
 x3064  | x1B01 | 0001101100000001 |  121 |     ADD R5, R4, R1
 x3065  | x05B9 | 0000010110111001 |  122 |     BRz QUIT
 x3066  | x2E57 | 0010111001010111 |  123 |     LD  R7, SAVE_R7
 x3067  | x2853 | 0010100001010011 |  124 |     LD  R4, SAVE_R4
 x3068  | x2A53 | 0010101001010011 |  125 |     LD  R5, SAVE_R5
 x3069  | xC1C0 | 1100000111000000 |  126 |     RET
        |       |                  |  127 |     
        |       |                  |  128 | IS_INPUT_VALID
 x306A  | x3A51 | 0011101001010001 |  129 |     ST R5, SAVE_R5
 x306B  | x3C51 | 0011110001010001 |  130 |     ST R6, SAVE_R6
 x306C  | x3E51 | 0011111001010001 |  131 |     ST R7, SAVE_R7
        |       |                  |  132 | 
 x306D  | x5020 | 0101000000100000 |  133 |     AND R0, R0, #0
 x306E  | x1080 | 0001000010000000 |  134 |     ADD R0, R2, R0;R0 is between '0' and '6'
 x306F  | x2853 | 0010100001010011 |  135 |     LD  R4, ZERO_ASCII
 x3070  | x993F | 1001100100111111 |  136 |     NOT R4, R4
 x3071  | x1921 | 0001100100100001 |  137 |     ADD R4, R4, #1
 x3072  | x1804 | 0001100000000100 |  138 |     ADD R4, R0, R4
 x3073  | x081D | 0000100000011101 |  139 |     BRn INVALID
 x3074  | x284F | 0010100001001111 |  140 |     LD  R4, SIX_ASCII
 x3075  | x993F | 1001100100111111 |  141 |     NOT R4, R4
 x3076  | x1920 | 0001100100100000 |  142 |     ADD R4, R4, #0
 x3077  | x1804 | 0001100000000100 |  143 |     ADD R4, R0, R4
 x3078  | x0218 | 0000001000011000 |  144 |     BRp INVALID
 x3079  | x284B | 0010100001001011 |  145 |     LD  R4, A_ASCII
 x307A  | x993F | 1001100100111111 |  146 |     NOT R4, R4
 x307B  | x1921 | 0001100100100001 |  147 |     ADD R4, R4, #1
 x307C  | x1844 | 0001100001000100 |  148 |     ADD R4, R1, R4
 x307D  | x0813 | 0000100000010011 |  149 |     BRn INVALID
 x307E  | x2847 | 0010100001000111 |  150 |     LD  R4, G_ASCII
 x307F  | x993F | 1001100100111111 |  151 |     NOT R4, R4
 x3080  | x1921 | 0001100100100001 |  152 |     ADD R4, R4, #1
 x3081  | x1844 | 0001100001000100 |  153 |     ADD R4, R1, R4
 x3082  | x020E | 0000001000001110 |  154 |     BRp INVALID
        |       |                  |  155 |     ;judge if the position is empty
 x3083  | xEC48 | 1110110001001000 |  156 |     LEA R6, MAPADDR
 x3084  | x6D80 | 0110110110000000 |  157 |     LDR R6, R6, #0
 x3085  | x4812 | 0100100000010010 |  158 |     JSR TRANSMAP
 x3086  | x6D80 | 0110110110000000 |  159 |     LDR	R6,	R6,	#0
 x3087  | x2A3F | 0010101000111111 |  160 |     LD  R5, SPACE_ASCII
 x3088  | x9B7F | 1001101101111111 |  161 |     NOT R5, R5
 x3089  | x1B61 | 0001101101100001 |  162 |     ADD R5, R5, #1
 x308A  | x1B46 | 0001101101000110 |  163 |     ADD R5, R5, R6
 x308B  | x0A05 | 0000101000000101 |  164 |     BRnp INVALID
        |       |                  |  165 | 
 x308C  | x2A2F | 0010101000101111 |  166 |     LD R5, SAVE_R5
 x308D  | x2C2F | 0010110000101111 |  167 |     LD R6, SAVE_R6
 x308E  | x2E2F | 0010111000101111 |  168 |     LD R7, SAVE_R7
 x308F  | x56E0 | 0101011011100000 |  169 |     AND R3, R3, #0
 x3090  | xC1C0 | 1100000111000000 |  170 |     RET
        |       |                  |  171 | INVALID
 x3091  | x56E0 | 0101011011100000 |  172 |     AND R3, R3, #0
 x3092  | x16FF | 0001011011111111 |  173 |     ADD R3, R3, #-1
 x3093  | x2827 | 0010100000100111 |  174 |     LD R4, SAVE_R4
 x3094  | x2A27 | 0010101000100111 |  175 |     LD R5, SAVE_R5
 x3095  | x2C27 | 0010110000100111 |  176 |     LD R6, SAVE_R6
 x3096  | x2E27 | 0010111000100111 |  177 |     LD R7, SAVE_R7
 x3097  | xC1C0 | 1100000111000000 |  178 |     RET
        |       |                  |  179 | 
        |       |                  |  180 | TRANSMAP
 x3098  | x56E0 | 0101011011100000 |  181 |     AND R3, R3, #0
 x3099  | x5920 | 0101100100100000 |  182 |     AND R4, R4, #0
 x309A  | x5B60 | 0101101101100000 |  183 |     AND R5, R5, #0
 x309B  | x2A2E | 0010101000101110 |  184 |     LD  R5, ALP_TO_MAP
 x309C  | x1645 | 0001011001000101 |  185 |     ADD R3, R1, R5;x
 x309D  | x3630 | 0011011000110000 |  186 |     ST  R3, SAVEX
 x309E  | x16ED | 0001011011101101 |  187 |     ADD R3, R3, #13
 x309F  | x1D83 | 0001110110000011 |  188 |     ADD R6, R6, R3
 x30A0  | x2A2A | 0010101000101010 |  189 |     LD  R5, NUM_TO_MAP
 x30A1  | x1805 | 0001100000000101 |  190 |     ADD R4, R0, R5;y
 x30A2  | x382C | 0011100000101100 |  191 |     ST  R4, SAVEY
 x30A3  | x5484 | 0101010010000100 |  192 |     AND R2, R2, R4;cnt
 x30A4  | x0403 | 0000010000000011 |  193 |     BRz LOOPFIN
        |       |                  |  194 | TRANSMAP_LOOP
 x30A5  | x1DAB | 0001110110101011 |  195 |     ADD R6, R6, #11
 x30A6  | x14BF | 0001010010111111 |  196 |     ADD R2, R2, #-1
 x30A7  | x03FD | 0000001111111101 |  197 |     BRp TRANSMAP_LOOP
        |       |                  |  198 | LOOPFIN
 x30A8  | xC1C0 | 1100000111000000 |  199 |     RET
        |       |                  |  200 | 
        |       |                  |  201 | 
 x30A9  | x317A | 0011000101111010 |  202 | PROMPT1ADDR .FILL	PROMPT1
 x30AA  | x3182 | 0011000110000010 |  203 | PROMPT2ADDR .FILL	PROMPT2
 x30AB  | x0000 | 0000000000000000 |  204 | ROUND .FILL #0
 x30AC  | x0031 | 0000000000110001 |  205 | PLAYER1 .STRINGZ	"1"
        | x0000 | 0000000000000000 |      |
 x30AE  | x0032 | 0000000000110010 |  206 | PLAYER2 .STRINGZ	"2"
        | x0000 | 0000000000000000 |      |
 x30B0  | x0000 | 0000000000000000 |  207 | PL1SCORE .FILL	#0
 x30B1  | x002E | 0000000000101110 |  208 | CHAR0 .FILL	#46
 x30B2  | x0000 | 0000000000000000 |  209 | CHAR1 .FILL	#0
 x30B3  | x0000 | 0000000000000000 |  210 | PL2SCORE .FILL	#0
 x30B4  | x002E | 0000000000101110 |  211 | CHAR2 .FILL	#46
 x30B5  | x0000 | 0000000000000000 |  212 | CHAR3 .FILL	#0
 x30B6  | x0000 | 0000000000000000 |  213 | GETSCORE .FILL 	#0
 x30B7  | x0000 | 0000000000000000 |  214 | SAVE_R0   .BLKW	1
 x30B8  | x0000 | 0000000000000000 |  215 | SAVE_R1   .BLKW	1
 x30B9  | x0000 | 0000000000000000 |  216 | SAVE_R2   .BLKW	1
 x30BA  | x0000 | 0000000000000000 |  217 | SAVE_R3   .BLKW	1
 x30BB  | x0000 | 0000000000000000 |  218 | SAVE_R4   .BLKW	1
 x30BC  | x0000 | 0000000000000000 |  219 | SAVE_R5   .BLKW	1
 x30BD  | x0000 | 0000000000000000 |  220 | SAVE_R6   .BLKW	1
 x30BE  | x0000 | 0000000000000000 |  221 | SAVE_R7   .BLKW	1
 x30BF  | x0000 | 0000000000000000 |  222 | SAVE_R71   .BLKW	1
 x30C0  | x0000 | 0000000000000000 |  223 | ROW     .BLKW	1
 x30C1  | x0000 | 0000000000000000 |  224 | LINE    .BLKW	1
 x30C2  | x0051 | 0000000001010001 |  225 | Q_ASCII .FILL	#81
 x30C3  | x0030 | 0000000000110000 |  226 | ZERO_ASCII    .FILL	#48
 x30C4  | x0036 | 0000000000110110 |  227 | SIX_ASCII     .FILL	#54
 x30C5  | x0041 | 0000000001000001 |  228 | A_ASCII .FILL	#65
 x30C6  | x0047 | 0000000001000111 |  229 | G_ASCII .FILL	#71
 x30C7  | x0020 | 0000000000100000 |  230 | SPACE_ASCII .FILL	#32
 x30C8  | x002D | 0000000000101101 |  231 | HY_ASCII    .FILL	#45
 x30C9  | x007C | 0000000001111100 |  232 | PIPE_ASCII  .FILL	#124
 x30CA  | xFFBF | 1111111110111111 |  233 | ALP_TO_MAP  .FILL	#-65
 x30CB  | xFFD0 | 1111111111010000 |  234 | NUM_TO_MAP  .FILL	#-48
 x30CC  | x326D | 0011001001101101 |  235 | MAPADDR .FILL	MAPL
 x30CD  | x3215 | 0011001000010101 |  236 | BOARDADDR .FILL	BOARDL
 x30CE  | x0000 | 0000000000000000 |  237 | SAVEX   .BLKW	1
 x30CF  | x0000 | 0000000000000000 |  238 | SAVEY   .BLKW	1
        |       |                  |  239 | 
        |       |                  |  240 | ; TRANSLATE_MOVE
        |       |                  |  241 | ;     ;x pos in R3 has been translated in IS_INPUT_VALID
        |       |                  |  242 | ;     ;just translate y pos in R1
        |       |                  |  243 | ;     ST  R5, SAVE_R5
        |       |                  |  244 | ;     AND R0, R0, #0
        |       |                  |  245 | ;     ADD R0, R0, R3;x
        |       |                  |  246 | ;     AND R1, R1, #0
        |       |                  |  247 | ;     LD  R5, ALP_TO_MAP
        |       |                  |  248 | ;     ADD R1, R1, R5;y
        |       |                  |  249 | ;     LD  R5, SAVE_R5
        |       |                  |  250 | ;     RET
        |       |                  |  251 | 
        |       |                  |  252 | APPLY_MOVE
 x30D0  | x3FED | 0011111111101101 |  253 |     ST  R7, SAVE_R7
 x30D1  | x21FC | 0010000111111100 |  254 |     LD  R0, SAVEX
 x30D2  | x23FC | 0010001111111100 |  255 |     LD  R1, SAVEY
 x30D3  | xE7F9 | 1110011111111001 |  256 |     LEA R3, BOARDADDR
 x30D4  | x66C0 | 0110011011000000 |  257 |     LDR  R3, R3, #0
 x30D5  | xE9F6 | 1110100111110110 |  258 |     LEA R4, MAPADDR
 x30D6  | x6900 | 0110100100000000 |  259 |     LDR  R4, R4, #0
 x30D7  | x16ED | 0001011011101101 |  260 |     ADD R3, R3, #13
 x30D8  | x192D | 0001100100101101 |  261 |     ADD R4, R4, #13
 x30D9  | x1A60 | 0001101001100000 |  262 |     ADD R5, R1, #0;cnt
 x30DA  | x0404 | 0000010000000100 |  263 |     BRz AMLOOPFIN
        |       |                  |  264 | MOVE_LOOP
 x30DB  | x16EB | 0001011011101011 |  265 |     ADD R3, R3, #11
 x30DC  | x192B | 0001100100101011 |  266 |     ADD R4, R4, #11
 x30DD  | x1B7F | 0001101101111111 |  267 |     ADD R5, R5, #-1
 x30DE  | x03FC | 0000001111111100 |  268 |     BRp MOVE_LOOP
        |       |                  |  269 | AMLOOPFIN
 x30DF  | x16C0 | 0001011011000000 |  270 |     ADD R3, R3, R0
 x30E0  | x1900 | 0001100100000000 |  271 |     ADD R4, R4, R0;GET_ADDRESS
        |       |                  |  272 |     ; LEA  R0, BOARDADDR
        |       |                  |  273 |     ; LDR  R0, R0, #0
        |       |                  |  274 |     ; NOT R0, R0
        |       |                  |  275 |     ; ADD R0, R0, #1
        |       |                  |  276 |     ; ADD R5, R3, R0
 x30E1  | x2BED | 0010101111101101 |  277 |     LD  R5, SAVEY
 x30E2  | x5B61 | 0101101101100001 |  278 |     AND R5, R5, #1;judge odd
 x30E3  | x0202 | 0000001000000010 |  279 |     BRp ODD
 x30E4  | x2DE3 | 0010110111100011 |  280 |     LD  R6, HY_ASCII
 x30E5  | x0E01 | 0000111000000001 |  281 |     BRnzp   FILL_BOX
 x30E6  | x2DE2 | 0010110111100010 |  282 | ODD LD  R6, PIPE_ASCII
        |       |                  |  283 | FILL_BOX
 x30E7  | x7CC0 | 0111110011000000 |  284 |     STR R6, R3, #0
 x30E8  | x7D00 | 0111110100000000 |  285 |     STR R6, R4, #0
 x30E9  | x2FD4 | 0010111111010100 |  286 |     LD  R7, SAVE_R7
 x30EA  | xC1C0 | 1100000111000000 |  287 |     RET
        |       |                  |  288 | 
        |       |                  |  289 | UPDATE_STATE
 x30EB  | x3FD2 | 0011111111010010 |  290 |     ST  R7, SAVE_R7
 x30EC  | x5B60 | 0101101101100000 |  291 |     AND R5, R5, #0
 x30ED  | x5DA0 | 0101110110100000 |  292 |     AND R6, R6, #0
 x30EE  | x2BD9 | 0010101111011001 |  293 |     LD  R5, HY_ASCII
 x30EF  | x2DD9 | 0010110111011001 |  294 |     LD  R6, PIPE_ASCII
 x30F0  | x9B7F | 1001101101111111 |  295 |     NOT R5, R5
 x30F1  | x1B61 | 0001101101100001 |  296 |     ADD R5, R5, #1
 x30F2  | x9DBF | 1001110110111111 |  297 |     NOT R6, R6
 x30F3  | x1DA1 | 0001110110100001 |  298 |     ADD R6, R6, #1
 x30F4  | x10E0 | 0001000011100000 |  299 |     ADD R0, R3, #0
        |       |                  |  300 |     ; AND R4, R4, #0;CNT
        |       |                  |  301 | JUDGE_ODD
        |       |                  |  302 |     ; LEA  R1, BOARDADDR
        |       |                  |  303 |     ; LDR  R1, R1, #0
        |       |                  |  304 |     ; NOT R1, R1
        |       |                  |  305 |     ; ADD R1, R1, #1
        |       |                  |  306 |     ; ADD R5, R3, R1
 x30F5  | x27D9 | 0010011111011001 |  307 |     LD  R3, SAVEY
 x30F6  | x56E1 | 0101011011100001 |  308 |     AND R3, R3, #1
 x30F7  | x0407 | 0000010000000111 |  309 |     BRz UP_EVEN
        |       |                  |  310 | UP_ODD
 x30F8  | x56E0 | 0101011011100000 |  311 |     AND R3, R3, #0
 x30F9  | x4842 | 0100100001000010 |  312 |     JSR CHECKL
 x30FA  | x4831 | 0100100000110001 |  313 |     JSR CHECKR
 x30FB  | x16E0 | 0001011011100000 |  314 |     ADD R3, R3, #0
 x30FC  | x0209 | 0000001000001001 |  315 |     BRp SETFLAG
 x30FD  | x2FC0 | 0010111111000000 |  316 |     LD  R7, SAVE_R7
 x30FE  | x0E4C | 0000111001001100 |  317 |     BRnzp CONTINUE
        |       |                  |  318 | UP_EVEN
 x30FF  | x56E0 | 0101011011100000 |  319 |     AND R3, R3, #0
 x3100  | x481B | 0100100000011011 |  320 |     JSR CHECKU
 x3101  | x4809 | 0100100000001001 |  321 |     JSR CHECKD
 x3102  | x16E0 | 0001011011100000 |  322 |     ADD R3, R3, #0
 x3103  | x0202 | 0000001000000010 |  323 |     BRp SETFLAG
 x3104  | x2FB9 | 0010111110111001 |  324 |     LD  R7, SAVE_R7
 x3105  | x0E45 | 0000111001000101 |  325 |     BRnzp CONTINUE
        |       |                  |  326 | 
        |       |                  |  327 | SETFLAG
 x3106  | x56E0 | 0101011011100000 |  328 |     AND R3, R3, #0
 x3107  | x16E1 | 0001011011100001 |  329 |     ADD R3, R3, #1
 x3108  | x37AD | 0011011110101101 |  330 |     ST  R3, GETSCORE
 x3109  | x2FB4 | 0010111110110100 |  331 |     LD  R7, SAVE_R7
 x310A  | x0E40 | 0000111001000000 |  332 |     BRnzp CONTINUE
        |       |                  |  333 | 
        |       |                  |  334 | CHECKD
 x310B  | x3FB3 | 0011111110110011 |  335 |     ST  R7, SAVE_R71
 x310C  | x23C2 | 0010001111000010 |  336 |     LD  R1, SAVEY
 x310D  | x127A | 0001001001111010 |  337 |     ADD R1, R1, #-6
 x310E  | x063C | 0000011000111100 |  338 |     BRzp CONTINUE
 x310F  | x640A | 0110010000001010 |  339 |     LDR R2, R0, #10
 x3110  | x1486 | 0001010010000110 |  340 |     ADD R2, R2, R6
 x3111  | x0A39 | 0000101000111001 |  341 |     BRnp CONTINUE
 x3112  | x640C | 0110010000001100 |  342 |     LDR R2, R0, #12
 x3113  | x1486 | 0001010010000110 |  343 |     ADD	R2,	R2,	R6
 x3114  | x0A36 | 0000101000110110 |  344 |     BRnp CONTINUE
 x3115  | x142B | 0001010000101011 |  345 |     ADD R2, R0, #11
 x3116  | x648B | 0110010010001011 |  346 |     LDR R2, R2, #11
 x3117  | x1485 | 0001010010000101 |  347 |     ADD R2, R2, R5
 x3118  | x0A32 | 0000101000110010 |  348 |     BRnp CONTINUE
 x3119  | x4832 | 0100100000110010 |  349 |     JSR ADDCNT
 x311A  | x2FA4 | 0010111110100100 |  350 |     LD  R7, SAVE_R71
 x311B  | x0E2F | 0000111000101111 |  351 |     BRnzp CONTINUE
        |       |                  |  352 | 
        |       |                  |  353 | CHECKU
 x311C  | x3FA2 | 0011111110100010 |  354 |     ST  R7, SAVE_R71
 x311D  | x23B1 | 0010001110110001 |  355 |     LD  R1, SAVEY
 x311E  | x0C2C | 0000110000101100 |  356 |     BRnz CONTINUE
 x311F  | x6434 | 0110010000110100 |  357 |     LDR R2, R0, #-12
 x3120  | x1486 | 0001010010000110 |  358 |     ADD R2, R2, R6
 x3121  | x0A29 | 0000101000101001 |  359 |     BRnp CONTINUE
 x3122  | x6436 | 0110010000110110 |  360 |     LDR R2, R0, #-10
 x3123  | x1486 | 0001010010000110 |  361 |     ADD	R2,	R2,	R6
 x3124  | x0A26 | 0000101000100110 |  362 |     BRnp CONTINUE
 x3125  | x1435 | 0001010000110101 |  363 |     ADD R2, R0, #-11
 x3126  | x64B5 | 0110010010110101 |  364 |     LDR R2, R2, #-11
 x3127  | x1485 | 0001010010000101 |  365 |     ADD R2, R2, R5
 x3128  | x0A22 | 0000101000100010 |  366 |     BRnp CONTINUE
 x3129  | x4822 | 0100100000100010 |  367 |     JSR ADDCNT
 x312A  | x2F94 | 0010111110010100 |  368 |     LD  R7, SAVE_R71
 x312B  | x0E1F | 0000111000011111 |  369 |     BRnzp CONTINUE
        |       |                  |  370 | 
        |       |                  |  371 | CHECKR
 x312C  | x3F92 | 0011111110010010 |  372 |     ST  R7, SAVE_R71
 x312D  | x23A0 | 0010001110100000 |  373 |     LD  R1, SAVEX
 x312E  | x127A | 0001001001111010 |  374 |     ADD R1, R1, #-6
 x312F  | x061B | 0000011000011011 |  375 |     BRzp CONTINUE
 x3130  | x6436 | 0110010000110110 |  376 |     LDR R2, R0, #-10
 x3131  | x1485 | 0001010010000101 |  377 |     ADD R2, R2, R5
 x3132  | x0A18 | 0000101000011000 |  378 |     BRnp CONTINUE
 x3133  | x6402 | 0110010000000010 |  379 |     LDR R2, R0, #2
 x3134  | x1486 | 0001010010000110 |  380 |     ADD	R2,	R2,	R6
 x3135  | x0A15 | 0000101000010101 |  381 |     BRnp CONTINUE
 x3136  | x640C | 0110010000001100 |  382 |     LDR R2, R0, #12
 x3137  | x1485 | 0001010010000101 |  383 |     ADD R2, R2, R5
 x3138  | x0A12 | 0000101000010010 |  384 |     BRnp CONTINUE
 x3139  | x4812 | 0100100000010010 |  385 |     JSR ADDCNT
 x313A  | x2F84 | 0010111110000100 |  386 |     LD  R7, SAVE_R71
 x313B  | x0E0F | 0000111000001111 |  387 |     BRnzp CONTINUE
        |       |                  |  388 | 
        |       |                  |  389 | CHECKL
 x313C  | x3F82 | 0011111110000010 |  390 |     ST  R7, SAVE_R71
 x313D  | x2390 | 0010001110010000 |  391 |     LD  R1, SAVEX
 x313E  | x0C0C | 0000110000001100 |  392 |     BRnz CONTINUE
 x313F  | x6434 | 0110010000110100 |  393 |     LDR R2, R0, #-12
 x3140  | x1485 | 0001010010000101 |  394 |     ADD R2, R2, R5
 x3141  | x0A09 | 0000101000001001 |  395 |     BRnp CONTINUE
 x3142  | x643E | 0110010000111110 |  396 |     LDR R2, R0, #-2
 x3143  | x1486 | 0001010010000110 |  397 |     ADD	R2,	R2,	R6
 x3144  | x0A06 | 0000101000000110 |  398 |     BRnp CONTINUE
 x3145  | x640A | 0110010000001010 |  399 |     LDR R2, R0, #10
 x3146  | x1485 | 0001010010000101 |  400 |     ADD R2, R2, R5
 x3147  | x0A03 | 0000101000000011 |  401 |     BRnp CONTINUE
 x3148  | x4803 | 0100100000000011 |  402 |     JSR ADDCNT
 x3149  | x2F75 | 0010111101110101 |  403 |     LD  R7, SAVE_R71
 x314A  | x0E00 | 0000111000000000 |  404 |     BRnzp CONTINUE
        |       |                  |  405 | 
        |       |                  |  406 | CONTINUE
 x314B  | xC1C0 | 1100000111000000 |  407 |     RET
        |       |                  |  408 | 
        |       |                  |  409 | ADDCNT
 x314C  | x16E1 | 0001011011100001 |  410 |     ADD R3, R3, #1
 x314D  | x235D | 0010001101011101 |  411 |     LD  R1, ROUND
 x314E  | x5261 | 0101001001100001 |  412 |     AND R1, R1, #1
 x314F  | x0404 | 0000010000000100 |  413 |     BRz ADDPL2
        |       |                  |  414 | ADDPL1
 x3150  | x235F | 0010001101011111 |  415 |     LD  R1, PL1SCORE
 x3151  | x1261 | 0001001001100001 |  416 |     ADD R1, R1, #1
 x3152  | x335D | 0011001101011101 |  417 |     ST  R1, PL1SCORE
 x3153  | xC1C0 | 1100000111000000 |  418 |     RET
        |       |                  |  419 | ADDPL2
 x3154  | x235E | 0010001101011110 |  420 |     LD  R1, PL2SCORE
 x3155  | x1261 | 0001001001100001 |  421 |     ADD R1, R1, #1
 x3156  | x335C | 0011001101011100 |  422 |     ST  R1, PL2SCORE
 x3157  | xC1C0 | 1100000111000000 |  423 |     RET
        |       |                  |  424 | 
        |       |                  |  425 | CHECK_OVER
 x3158  | x2357 | 0010001101010111 |  426 |     LD  R1, PL1SCORE
 x3159  | x2559 | 0010010101011001 |  427 |     LD  R2, PL2SCORE
 x315A  | x56E0 | 0101011011100000 |  428 |     AND R3, R3, #0
 x315B  | x16E1 | 0001011011100001 |  429 |     ADD R3, R3, #1
 x315C  | x1881 | 0001100010000001 |  430 |     ADD R4, R2, R1
 x315D  | x1937 | 0001100100110111 |  431 |     ADD R4, R4, #-9
 x315E  | x09EC | 0000100111101100 |  432 |     BRn CONTINUE
        |       |                  |  433 | DISPLAYWINNER
 x315F  | x94BF | 1001010010111111 |  434 |     NOT R2, R2
 x3160  | x14A1 | 0001010010100001 |  435 |     ADD R2, R2, #1
 x3161  | x1642 | 0001011001000010 |  436 |     ADD R3, R1, R2
 x3162  | x0803 | 0000100000000011 |  437 |     BRn PL2WIN
        |       |                  |  438 | PL1WIN
 x3163  | xE041 | 1110000001000001 |  439 |     LEA  R0, PL1WINPROMPT
 x3164  | xF022 | 1111000000100010 |  440 |     PUTS
 x3165  | x0E02 | 0000111000000010 |  441 |     BRnzp PRINTSCORE
        |       |                  |  442 | PL2WIN
 x3166  | xE061 | 1110000001100001 |  443 |     LEA  R0, PL2WINPROMPT
 x3167  | xF022 | 1111000000100010 |  444 |     PUTS
        |       |                  |  445 | PRINTSCORE
 x3168  | xE082 | 1110000010000010 |  446 |     LEA  R0, SCOREPROMPT1
 x3169  | xF022 | 1111000000100010 |  447 |     PUTS
 x316A  | x2145 | 0010000101000101 |  448 |     LD  R0, PL1SCORE
 x316B  | x2357 | 0010001101010111 |  449 |     LD  R1, ZERO_ASCII
 x316C  | x1040 | 0001000001000000 |  450 |     ADD R0, R1, R0
        |       |                  |  451 |     ; PUTCHAR
 x316D  | x3142 | 0011000101000010 |  452 |     ST  R0, PL1SCORE
 x316E  | xE141 | 1110000101000001 |  453 |     LEA R0, PL1SCORE
 x316F  | xF022 | 1111000000100010 |  454 |     PUTS
 x3170  | xE08F | 1110000010001111 |  455 |     LEA  R0, SCOREPROMPT2
 x3171  | xF022 | 1111000000100010 |  456 |     PUTS
 x3172  | x2140 | 0010000101000000 |  457 |     LD  R0, PL2SCORE
 x3173  | x234F | 0010001101001111 |  458 |     LD  R1, ZERO_ASCII
 x3174  | x1040 | 0001000001000000 |  459 |     ADD R0, R1, R0
        |       |                  |  460 |     ; PUTCHAR
 x3175  | x313D | 0011000100111101 |  461 |     ST  R0, PL2SCORE
 x3176  | xE13C | 1110000100111100 |  462 |     LEA R0, PL2SCORE
 x3177  | xF022 | 1111000000100010 |  463 |     PUTS
 x3178  | x56E0 | 0101011011100000 |  464 |     AND R3, R3, #0
 x3179  | xF025 | 1111000000100101 |  465 |     HALT
        |       |                  |  466 | 
        |       |                  |  467 | 
 x317A  | x0050 | 0000000001010000 |  468 | PROMPT1 .STRINGZ	"Player "
        | x006C | 0000000001101100 |      |
        | x0061 | 0000000001100001 |      |
        | x0079 | 0000000001111001 |      |
        | x0065 | 0000000001100101 |      |
        | x0072 | 0000000001110010 |      |
        | x0020 | 0000000000100000 |      |
        | x0000 | 0000000000000000 |      |
 x3182  | x002C | 0000000000101100 |  469 | PROMPT2 .STRINGZ	",  input a move  (or 'Q' to quit):"
        | x0020 | 0000000000100000 |      |
        | x0020 | 0000000000100000 |      |
        | x0069 | 0000000001101001 |      |
        | x006E | 0000000001101110 |      |
        | x0070 | 0000000001110000 |      |
        | x0075 | 0000000001110101 |      |
        | x0074 | 0000000001110100 |      |
        | x0020 | 0000000000100000 |      |
        | x0061 | 0000000001100001 |      |
        | x0020 | 0000000000100000 |      |
        | x006D | 0000000001101101 |      |
        | x006F | 0000000001101111 |      |
        | x0076 | 0000000001110110 |      |
        | x0065 | 0000000001100101 |      |
        | x0020 | 0000000000100000 |      |
        | x0020 | 0000000000100000 |      |
        | x0028 | 0000000000101000 |      |
        | x006F | 0000000001101111 |      |
        | x0072 | 0000000001110010 |      |
        | x0020 | 0000000000100000 |      |
        | x0027 | 0000000000100111 |      |
        | x0051 | 0000000001010001 |      |
        | x0027 | 0000000000100111 |      |
        | x0020 | 0000000000100000 |      |
        | x0074 | 0000000001110100 |      |
        | x006F | 0000000001101111 |      |
        | x0020 | 0000000000100000 |      |
        | x0071 | 0000000001110001 |      |
        | x0075 | 0000000001110101 |      |
        | x0069 | 0000000001101001 |      |
        | x0074 | 0000000001110100 |      |
        | x0029 | 0000000000101001 |      |
        | x003A | 0000000000111010 |      |
        | x0000 | 0000000000000000 |      |
 x31A5  | x0047 | 0000000001000111 |  470 | PL1WINPROMPT .STRINGZ	"Game over. Player 1 is the winner!"
        | x0061 | 0000000001100001 |      |
        | x006D | 0000000001101101 |      |
        | x0065 | 0000000001100101 |      |
        | x0020 | 0000000000100000 |      |
        | x006F | 0000000001101111 |      |
        | x0076 | 0000000001110110 |      |
        | x0065 | 0000000001100101 |      |
        | x0072 | 0000000001110010 |      |
        | x002E | 0000000000101110 |      |
        | x0020 | 0000000000100000 |      |
        | x0050 | 0000000001010000 |      |
        | x006C | 0000000001101100 |      |
        | x0061 | 0000000001100001 |      |
        | x0079 | 0000000001111001 |      |
        | x0065 | 0000000001100101 |      |
        | x0072 | 0000000001110010 |      |
        | x0020 | 0000000000100000 |      |
        | x0031 | 0000000000110001 |      |
        | x0020 | 0000000000100000 |      |
        | x0069 | 0000000001101001 |      |
        | x0073 | 0000000001110011 |      |
        | x0020 | 0000000000100000 |      |
        | x0074 | 0000000001110100 |      |
        | x0068 | 0000000001101000 |      |
        | x0065 | 0000000001100101 |      |
        | x0020 | 0000000000100000 |      |
        | x0077 | 0000000001110111 |      |
        | x0069 | 0000000001101001 |      |
        | x006E | 0000000001101110 |      |
        | x006E | 0000000001101110 |      |
        | x0065 | 0000000001100101 |      |
        | x0072 | 0000000001110010 |      |
        | x0021 | 0000000000100001 |      |
        | x0000 | 0000000000000000 |      |
 x31C8  | x0047 | 0000000001000111 |  471 | PL2WINPROMPT .STRINGZ	"Game over. Player 2 is the winner!"
        | x0061 | 0000000001100001 |      |
        | x006D | 0000000001101101 |      |
        | x0065 | 0000000001100101 |      |
        | x0020 | 0000000000100000 |      |
        | x006F | 0000000001101111 |      |
        | x0076 | 0000000001110110 |      |
        | x0065 | 0000000001100101 |      |
        | x0072 | 0000000001110010 |      |
        | x002E | 0000000000101110 |      |
        | x0020 | 0000000000100000 |      |
        | x0050 | 0000000001010000 |      |
        | x006C | 0000000001101100 |      |
        | x0061 | 0000000001100001 |      |
        | x0079 | 0000000001111001 |      |
        | x0065 | 0000000001100101 |      |
        | x0072 | 0000000001110010 |      |
        | x0020 | 0000000000100000 |      |
        | x0032 | 0000000000110010 |      |
        | x0020 | 0000000000100000 |      |
        | x0069 | 0000000001101001 |      |
        | x0073 | 0000000001110011 |      |
        | x0020 | 0000000000100000 |      |
        | x0074 | 0000000001110100 |      |
        | x0068 | 0000000001101000 |      |
        | x0065 | 0000000001100101 |      |
        | x0020 | 0000000000100000 |      |
        | x0077 | 0000000001110111 |      |
        | x0069 | 0000000001101001 |      |
        | x006E | 0000000001101110 |      |
        | x006E | 0000000001101110 |      |
        | x0065 | 0000000001100101 |      |
        | x0072 | 0000000001110010 |      |
        | x0021 | 0000000000100001 |      |
        | x0000 | 0000000000000000 |      |
 x31EB  | x0050 | 0000000001010000 |  472 | SCOREPROMPT1 .STRINGZ	"Player 1's score is "
        | x006C | 0000000001101100 |      |
        | x0061 | 0000000001100001 |      |
        | x0079 | 0000000001111001 |      |
        | x0065 | 0000000001100101 |      |
        | x0072 | 0000000001110010 |      |
        | x0020 | 0000000000100000 |      |
        | x0031 | 0000000000110001 |      |
        | x0027 | 0000000000100111 |      |
        | x0073 | 0000000001110011 |      |
        | x0020 | 0000000000100000 |      |
        | x0073 | 0000000001110011 |      |
        | x0063 | 0000000001100011 |      |
        | x006F | 0000000001101111 |      |
        | x0072 | 0000000001110010 |      |
        | x0065 | 0000000001100101 |      |
        | x0020 | 0000000000100000 |      |
        | x0069 | 0000000001101001 |      |
        | x0073 | 0000000001110011 |      |
        | x0020 | 0000000000100000 |      |
        | x0000 | 0000000000000000 |      |
 x3200  | x0050 | 0000000001010000 |  473 | SCOREPROMPT2 .STRINGZ	"Player 2's score is "
        | x006C | 0000000001101100 |      |
        | x0061 | 0000000001100001 |      |
        | x0079 | 0000000001111001 |      |
        | x0065 | 0000000001100101 |      |
        | x0072 | 0000000001110010 |      |
        | x0020 | 0000000000100000 |      |
        | x0032 | 0000000000110010 |      |
        | x0027 | 0000000000100111 |      |
        | x0073 | 0000000001110011 |      |
        | x0020 | 0000000000100000 |      |
        | x0073 | 0000000001110011 |      |
        | x0063 | 0000000001100011 |      |
        | x006F | 0000000001101111 |      |
        | x0072 | 0000000001110010 |      |
        | x0065 | 0000000001100101 |      |
        | x0020 | 0000000000100000 |      |
        | x0069 | 0000000001101001 |      |
        | x0073 | 0000000001110011 |      |
        | x0020 | 0000000000100000 |      |
        | x0000 | 0000000000000000 |      |
        |       |                  |  474 |                       ;0123456
 x3215  | x0020 | 0000000000100000 |  475 | BOARDL  .STRINGZ	"  ABCDEFG\n"
        | x0020 | 0000000000100000 |      |
        | x0041 | 0000000001000001 |      |
        | x0042 | 0000000001000010 |      |
        | x0043 | 0000000001000011 |      |
        | x0044 | 0000000001000100 |      |
        | x0045 | 0000000001000101 |      |
        | x0046 | 0000000001000110 |      |
        | x0047 | 0000000001000111 |      |
        | x000A | 0000000000001010 |      |
        | x0000 | 0000000000000000 |      |
 x3220  | x0030 | 0000000000110000 |  476 | BOARD0  .STRINGZ	"0 *-*-*-*\n"
        | x0020 | 0000000000100000 |      |
        | x002A | 0000000000101010 |      |
        | x002D | 0000000000101101 |      |
        | x002A | 0000000000101010 |      |
        | x002D | 0000000000101101 |      |
        | x002A | 0000000000101010 |      |
        | x002D | 0000000000101101 |      |
        | x002A | 0000000000101010 |      |
        | x000A | 0000000000001010 |      |
        | x0000 | 0000000000000000 |      |
 x322B  | x0031 | 0000000000110001 |  477 | BOARD1  .STRINGZ	"1 |      \n"
        | x0020 | 0000000000100000 |      |
        | x007C | 0000000001111100 |      |
        | x0020 | 0000000000100000 |      |
        | x0020 | 0000000000100000 |      |
        | x0020 | 0000000000100000 |      |
        | x0020 | 0000000000100000 |      |
        | x0020 | 0000000000100000 |      |
        | x0020 | 0000000000100000 |      |
        | x000A | 0000000000001010 |      |
        | x0000 | 0000000000000000 |      |
 x3236  | x0032 | 0000000000110010 |  478 | BOARD2  .STRINGZ	"2 *-*-*-*\n"
        | x0020 | 0000000000100000 |      |
        | x002A | 0000000000101010 |      |
        | x002D | 0000000000101101 |      |
        | x002A | 0000000000101010 |      |
        | x002D | 0000000000101101 |      |
        | x002A | 0000000000101010 |      |
        | x002D | 0000000000101101 |      |
        | x002A | 0000000000101010 |      |
        | x000A | 0000000000001010 |      |
        | x0000 | 0000000000000000 |      |
 x3241  | x0033 | 0000000000110011 |  479 | BOARD3  .STRINGZ	"3 |      \n"
        | x0020 | 0000000000100000 |      |
        | x007C | 0000000001111100 |      |
        | x0020 | 0000000000100000 |      |
        | x0020 | 0000000000100000 |      |
        | x0020 | 0000000000100000 |      |
        | x0020 | 0000000000100000 |      |
        | x0020 | 0000000000100000 |      |
        | x0020 | 0000000000100000 |      |
        | x000A | 0000000000001010 |      |
        | x0000 | 0000000000000000 |      |
 x324C  | x0034 | 0000000000110100 |  480 | BOARD4  .STRINGZ	"4 *-*-*-*\n"
        | x0020 | 0000000000100000 |      |
        | x002A | 0000000000101010 |      |
        | x002D | 0000000000101101 |      |
        | x002A | 0000000000101010 |      |
        | x002D | 0000000000101101 |      |
        | x002A | 0000000000101010 |      |
        | x002D | 0000000000101101 |      |
        | x002A | 0000000000101010 |      |
        | x000A | 0000000000001010 |      |
        | x0000 | 0000000000000000 |      |
 x3257  | x0035 | 0000000000110101 |  481 | BOARD5  .STRINGZ	"5 |      \n"
        | x0020 | 0000000000100000 |      |
        | x007C | 0000000001111100 |      |
        | x0020 | 0000000000100000 |      |
        | x0020 | 0000000000100000 |      |
        | x0020 | 0000000000100000 |      |
        | x0020 | 0000000000100000 |      |
        | x0020 | 0000000000100000 |      |
        | x0020 | 0000000000100000 |      |
        | x000A | 0000000000001010 |      |
        | x0000 | 0000000000000000 |      |
 x3262  | x0036 | 0000000000110110 |  482 | BOARD6  .STRINGZ	"6 *-*-*-*\n"
        | x0020 | 0000000000100000 |      |
        | x002A | 0000000000101010 |      |
        | x002D | 0000000000101101 |      |
        | x002A | 0000000000101010 |      |
        | x002D | 0000000000101101 |      |
        | x002A | 0000000000101010 |      |
        | x002D | 0000000000101101 |      |
        | x002A | 0000000000101010 |      |
        | x000A | 0000000000001010 |      |
        | x0000 | 0000000000000000 |      |
        |       |                  |  483 | 
 x326D  | x0078 | 0000000001111000 |  484 | MAPL  .STRINGZ	"xxABCDEFG\n"
        | x0078 | 0000000001111000 |      |
        | x0041 | 0000000001000001 |      |
        | x0042 | 0000000001000010 |      |
        | x0043 | 0000000001000011 |      |
        | x0044 | 0000000001000100 |      |
        | x0045 | 0000000001000101 |      |
        | x0046 | 0000000001000110 |      |
        | x0047 | 0000000001000111 |      |
        | x000A | 0000000000001010 |      |
        | x0000 | 0000000000000000 |      |
 x3278  | x0030 | 0000000000110000 |  485 | MAP0  .STRINGZ	"0x*-*-*-*\n"
        | x0078 | 0000000001111000 |      |
        | x002A | 0000000000101010 |      |
        | x002D | 0000000000101101 |      |
        | x002A | 0000000000101010 |      |
        | x002D | 0000000000101101 |      |
        | x002A | 0000000000101010 |      |
        | x002D | 0000000000101101 |      |
        | x002A | 0000000000101010 |      |
        | x000A | 0000000000001010 |      |
        | x0000 | 0000000000000000 |      |
 x3283  | x0031 | 0000000000110001 |  486 | MAP1  .STRINGZ	"1x|x x x \n"
        | x0078 | 0000000001111000 |      |
        | x007C | 0000000001111100 |      |
        | x0078 | 0000000001111000 |      |
        | x0020 | 0000000000100000 |      |
        | x0078 | 0000000001111000 |      |
        | x0020 | 0000000000100000 |      |
        | x0078 | 0000000001111000 |      |
        | x0020 | 0000000000100000 |      |
        | x000A | 0000000000001010 |      |
        | x0000 | 0000000000000000 |      |
 x328E  | x0032 | 0000000000110010 |  487 | MAP2  .STRINGZ	"2x*-*-*-*\n"
        | x0078 | 0000000001111000 |      |
        | x002A | 0000000000101010 |      |
        | x002D | 0000000000101101 |      |
        | x002A | 0000000000101010 |      |
        | x002D | 0000000000101101 |      |
        | x002A | 0000000000101010 |      |
        | x002D | 0000000000101101 |      |
        | x002A | 0000000000101010 |      |
        | x000A | 0000000000001010 |      |
        | x0000 | 0000000000000000 |      |
 x3299  | x0033 | 0000000000110011 |  488 | MAP3  .STRINGZ	"3x|x x x \n"
        | x0078 | 0000000001111000 |      |
        | x007C | 0000000001111100 |      |
        | x0078 | 0000000001111000 |      |
        | x0020 | 0000000000100000 |      |
        | x0078 | 0000000001111000 |      |
        | x0020 | 0000000000100000 |      |
        | x0078 | 0000000001111000 |      |
        | x0020 | 0000000000100000 |      |
        | x000A | 0000000000001010 |      |
        | x0000 | 0000000000000000 |      |
 x32A4  | x0034 | 0000000000110100 |  489 | MAP4  .STRINGZ	"4x*-*-*-*\n"
        | x0078 | 0000000001111000 |      |
        | x002A | 0000000000101010 |      |
        | x002D | 0000000000101101 |      |
        | x002A | 0000000000101010 |      |
        | x002D | 0000000000101101 |      |
        | x002A | 0000000000101010 |      |
        | x002D | 0000000000101101 |      |
        | x002A | 0000000000101010 |      |
        | x000A | 0000000000001010 |      |
        | x0000 | 0000000000000000 |      |
 x32AF  | x0035 | 0000000000110101 |  490 | MAP5  .STRINGZ	"5x|x x x \n"
        | x0078 | 0000000001111000 |      |
        | x007C | 0000000001111100 |      |
        | x0078 | 0000000001111000 |      |
        | x0020 | 0000000000100000 |      |
        | x0078 | 0000000001111000 |      |
        | x0020 | 0000000000100000 |      |
        | x0078 | 0000000001111000 |      |
        | x0020 | 0000000000100000 |      |
        | x000A | 0000000000001010 |      |
        | x0000 | 0000000000000000 |      |
 x32BA  | x0036 | 0000000000110110 |  491 | MAP6  .STRINGZ	"6x*-*-*-*\n"
        | x0078 | 0000000001111000 |      |
        | x002A | 0000000000101010 |      |
        | x002D | 0000000000101101 |      |
        | x002A | 0000000000101010 |      |
        | x002D | 0000000000101101 |      |
        | x002A | 0000000000101010 |      |
        | x002D | 0000000000101101 |      |
        | x002A | 0000000000101010 |      |
        | x000A | 0000000000001010 |      |
        | x0000 | 0000000000000000 |      |
        |       |                  |  492 | .END